2025-12-02 19:17:04,732 [INFO    ] ============================================================
2025-12-02 19:17:04,732 [INFO    ] Knapsack Algorithm Simulation
2025-12-02 19:17:04,732 [INFO    ] ============================================================
2025-12-02 19:17:04,733 [INFO    ] --- Running simulation for dataset: knapsack_random_l0123_20 ---
2025-12-02 19:17:04,733 [INFO    ] Parallel tasks: 10
2025-12-02 19:17:04,733 [INFO    ] Categories: ['RTiny', 'RSmall', 'RMedium', 'RLarge']
2025-12-02 19:17:04,733 [INFO    ] Using timeout: [6, 12, 45, 450]s
2025-12-02 19:17:04,733 [INFO    ] Loading dataset from knapsack_random_l0123_20...
2025-12-02 19:17:04,733 [INFO    ] Filtering to categories: ['RLarge', 'RMedium', 'RSmall', 'RTiny']
2025-12-02 19:17:04,736 [INFO    ] Found 20 test cases.
2025-12-02 19:17:04,736 [INFO    ] Parallel execution: 10 tasks, memory limit per task: 4.80GB
2025-12-02 19:17:04,749 [INFO    ] ============================================================
2025-12-02 19:17:04,749 [INFO    ] Running Algorithm: Brute Force
2025-12-02 19:17:04,749 [INFO    ] ============================================================
2025-12-02 19:17:04,749 [INFO    ] 1/20: test_id=RTiny_2, n=33, capacity=100000
2025-12-02 19:17:04,758 [INFO    ] 2/20: test_id=RTiny_1, n=95, capacity=100000
2025-12-02 19:17:04,765 [INFO    ] 3/20: test_id=RSmall_4, n=116, capacity=1000000
2025-12-02 19:17:04,773 [INFO    ] 4/20: test_id=RSmall_6, n=210, capacity=1000000
2025-12-02 19:17:04,781 [INFO    ] 5/20: test_id=RSmall_7, n=220, capacity=1000000
2025-12-02 19:17:04,791 [INFO    ] 6/20: test_id=RSmall_2, n=885, capacity=1000000
2025-12-02 19:17:04,799 [INFO    ] 7/20: test_id=RSmall_5, n=913, capacity=1000000
2025-12-02 19:17:04,807 [INFO    ] 8/20: test_id=RSmall_1, n=1049, capacity=1000000
2025-12-02 19:17:04,817 [INFO    ] 9/20: test_id=RSmall_3, n=5887, capacity=1000000
2025-12-02 19:17:04,826 [INFO    ] 10/20: test_id=RMedium_2, n=15801, capacity=10000000
2025-12-02 19:17:04,837 [INFO    ]   -> 1/20 Value: 87969, Time: 8392us
2025-12-02 19:17:04,838 [INFO    ] 11/20: test_id=RMedium_5, n=126093, capacity=10000000
2025-12-02 19:17:05,023 [ERROR   ] Error running bruteforce:
2025-12-02 19:17:05,024 [WARNING ]   -> 11/20 FAILED (test_id=RMedium_5)
2025-12-02 19:17:05,024 [INFO    ] 12/20: test_id=RMedium_1, n=156347, capacity=10000000
2025-12-02 19:17:05,216 [ERROR   ] Error running bruteforce:
2025-12-02 19:17:05,217 [WARNING ]   -> 12/20 FAILED (test_id=RMedium_1)
2025-12-02 19:17:05,217 [INFO    ] 13/20: test_id=RMedium_3, n=167383, capacity=10000000
2025-12-02 19:17:05,409 [ERROR   ] Error running bruteforce:
2025-12-02 19:17:05,409 [WARNING ]   -> 13/20 FAILED (test_id=RMedium_3)
2025-12-02 19:17:05,409 [CRITICAL] *** Algorithm Brute Force hit 3 consecutive test failures (failed tests: [11, 12, 13]) - stopping ***
2025-12-02 19:17:05,409 [INFO    ] Cancelled 14 pending tasks
2025-12-02 19:17:05,411 [INFO    ] Skipping remaining 16 test cases.
2025-12-02 19:17:05,512 [INFO    ] ============================================================
2025-12-02 19:17:05,512 [INFO    ] Running Algorithm: Memoization
2025-12-02 19:17:05,512 [INFO    ] ============================================================
2025-12-02 19:17:05,513 [INFO    ] 1/20: test_id=RTiny_2, n=33, capacity=100000
2025-12-02 19:17:05,518 [INFO    ] 2/20: test_id=RTiny_1, n=95, capacity=100000
2025-12-02 19:17:05,526 [INFO    ] 3/20: test_id=RSmall_4, n=116, capacity=1000000
2025-12-02 19:17:05,534 [INFO    ] 4/20: test_id=RSmall_6, n=210, capacity=1000000
2025-12-02 19:17:05,543 [INFO    ] 5/20: test_id=RSmall_7, n=220, capacity=1000000
2025-12-02 19:17:05,553 [INFO    ] 6/20: test_id=RSmall_2, n=885, capacity=1000000
2025-12-02 19:17:05,564 [INFO    ] 7/20: test_id=RSmall_5, n=913, capacity=1000000
2025-12-02 19:17:05,576 [INFO    ] 8/20: test_id=RSmall_1, n=1049, capacity=1000000
2025-12-02 19:17:05,589 [INFO    ] 9/20: test_id=RSmall_3, n=5887, capacity=1000000
2025-12-02 19:17:05,602 [INFO    ] 10/20: test_id=RMedium_2, n=15801, capacity=10000000
2025-12-02 19:17:05,619 [INFO    ]   -> 1/20 Value: 87969, Time: 13371us
2025-12-02 19:17:05,620 [INFO    ]   -> 2/20 Value: 88591, Time: 38577us
2025-12-02 19:17:05,621 [INFO    ] 11/20: test_id=RMedium_5, n=126093, capacity=10000000
2025-12-02 19:17:05,636 [INFO    ] 12/20: test_id=RMedium_1, n=156347, capacity=10000000
2025-12-02 19:17:06,148 [INFO    ]   -> 3/20 Value: 876904, Time: 504436us
2025-12-02 19:17:06,149 [INFO    ] 13/20: test_id=RMedium_3, n=167383, capacity=10000000
2025-12-02 19:17:06,742 [INFO    ]   -> 5/20 Value: 877662, Time: 985007us
2025-12-02 19:17:06,743 [INFO    ] 14/20: test_id=RMedium_6, n=289260, capacity=10000000
2025-12-02 19:17:06,950 [INFO    ]   -> 4/20 Value: 877321, Time: 1153695us
2025-12-02 19:17:06,951 [INFO    ] 15/20: test_id=RMedium_7, n=525698, capacity=10000000
2025-12-02 19:17:09,154 [ERROR   ] Error running memoization:
2025-12-02 19:17:09,155 [ERROR   ] 	terminate called after throwing an instance of 'std::bad_alloc'
2025-12-02 19:17:09,155 [ERROR   ] 	what():  std::bad_alloc
2025-12-02 19:17:09,155 [WARNING ]   -> 7/20 FAILED (test_id=RSmall_5)
2025-12-02 19:17:09,156 [INFO    ] 16/20: test_id=RMedium_4, n=784527, capacity=10000000
2025-12-02 19:17:09,168 [ERROR   ] Error running memoization:
2025-12-02 19:17:09,168 [ERROR   ] 	terminate called after throwing an instance of 'std::bad_alloc'
2025-12-02 19:17:09,168 [ERROR   ] 	what():  std::bad_alloc
2025-12-02 19:17:09,168 [WARNING ]   -> 8/20 FAILED (test_id=RSmall_1)
2025-12-02 19:17:09,169 [INFO    ] 17/20: SKIPPING test_id=RLarge_3, n=1952984 (n > 1e6, algorithm is not millionscale)
2025-12-02 19:17:09,169 [INFO    ] 18/20: SKIPPING test_id=RLarge_1, n=2892515 (n > 1e6, algorithm is not millionscale)
2025-12-02 19:17:09,169 [INFO    ] 19/20: SKIPPING test_id=RLarge_4, n=5871673 (n > 1e6, algorithm is not millionscale)
2025-12-02 19:17:09,169 [INFO    ] 20/20: SKIPPING test_id=RLarge_2, n=6644014 (n > 1e6, algorithm is not millionscale)
2025-12-02 19:17:09,188 [ERROR   ] Error running memoization:
2025-12-02 19:17:09,188 [ERROR   ] 	terminate called after throwing an instance of 'std::bad_alloc'
2025-12-02 19:17:09,189 [ERROR   ] 	what():  std::bad_alloc
2025-12-02 19:17:09,189 [WARNING ]   -> 9/20 FAILED (test_id=RSmall_3)
2025-12-02 19:17:09,189 [CRITICAL] *** Algorithm Memoization hit 3 consecutive test failures (failed tests: [7, 8, 9]) - stopping ***
2025-12-02 19:17:09,189 [INFO    ] Cancelled 8 pending tasks
2025-12-02 19:17:09,567 [INFO    ] Skipping remaining 8 test cases.
2025-12-02 19:17:09,669 [INFO    ] ============================================================
2025-12-02 19:17:09,669 [INFO    ] Running Algorithm: Dynamic Programming
2025-12-02 19:17:09,669 [INFO    ] ============================================================
2025-12-02 19:17:09,670 [INFO    ] 1/20: test_id=RTiny_2, n=33, capacity=100000
2025-12-02 19:17:09,676 [INFO    ] 2/20: test_id=RTiny_1, n=95, capacity=100000
2025-12-02 19:17:09,685 [INFO    ] 3/20: test_id=RSmall_4, n=116, capacity=1000000
2025-12-02 19:17:09,694 [INFO    ] 4/20: test_id=RSmall_6, n=210, capacity=1000000
2025-12-02 19:17:09,703 [INFO    ] 5/20: test_id=RSmall_7, n=220, capacity=1000000
2025-12-02 19:17:09,712 [INFO    ] 6/20: test_id=RSmall_2, n=885, capacity=1000000
2025-12-02 19:17:09,723 [INFO    ] 7/20: test_id=RSmall_5, n=913, capacity=1000000
2025-12-02 19:17:09,733 [INFO    ] 8/20: test_id=RSmall_1, n=1049, capacity=1000000
2025-12-02 19:17:09,744 [INFO    ] 9/20: test_id=RSmall_3, n=5887, capacity=1000000
2025-12-02 19:17:09,755 [INFO    ] 10/20: test_id=RMedium_2, n=15801, capacity=10000000
2025-12-02 19:17:09,768 [INFO    ]   -> 1/20 Value: 87969, Time: 14665us
2025-12-02 19:17:09,769 [INFO    ]   -> 2/20 Value: 88591, Time: 40106us
2025-12-02 19:17:09,769 [INFO    ] 11/20: test_id=RMedium_5, n=126093, capacity=10000000
2025-12-02 19:17:09,786 [INFO    ] 12/20: test_id=RMedium_1, n=156347, capacity=10000000
2025-12-02 19:17:10,477 [INFO    ]   -> 3/20 Value: 876904, Time: 658945us
2025-12-02 19:17:10,478 [INFO    ] 13/20: test_id=RMedium_3, n=167383, capacity=10000000
2025-12-02 19:17:11,227 [INFO    ]   -> 4/20 Value: 877321, Time: 1271438us
2025-12-02 19:17:11,228 [INFO    ] 14/20: test_id=RMedium_6, n=289260, capacity=10000000
2025-12-02 19:17:11,313 [INFO    ]   -> 5/20 Value: 877662, Time: 1357433us
2025-12-02 19:17:11,314 [INFO    ] 15/20: test_id=RMedium_7, n=525698, capacity=10000000
2025-12-02 19:17:13,932 [ERROR   ] Error running dynamicprogramming:
2025-12-02 19:17:13,933 [ERROR   ] 	terminate called after throwing an instance of 'std::bad_alloc'
2025-12-02 19:17:13,934 [ERROR   ] 	what():  std::bad_alloc
2025-12-02 19:17:13,934 [WARNING ]   -> 9/20 FAILED (test_id=RSmall_3)
2025-12-02 19:17:13,935 [INFO    ] 16/20: test_id=RMedium_4, n=784527, capacity=10000000
2025-12-02 19:17:13,947 [ERROR   ] Error running dynamicprogramming:
2025-12-02 19:17:13,947 [ERROR   ] 	terminate called after throwing an instance of 'std::bad_alloc'
2025-12-02 19:17:13,947 [ERROR   ] 	what():  std::bad_alloc
2025-12-02 19:17:13,948 [WARNING ]   -> 8/20 FAILED (test_id=RSmall_1)
2025-12-02 19:17:13,948 [INFO    ] 17/20: SKIPPING test_id=RLarge_3, n=1952984 (n > 1e6, algorithm is not millionscale)
2025-12-02 19:17:13,948 [INFO    ] 18/20: SKIPPING test_id=RLarge_1, n=2892515 (n > 1e6, algorithm is not millionscale)
2025-12-02 19:17:13,949 [INFO    ] 19/20: SKIPPING test_id=RLarge_4, n=5871673 (n > 1e6, algorithm is not millionscale)
2025-12-02 19:17:13,949 [INFO    ] 20/20: SKIPPING test_id=RLarge_2, n=6644014 (n > 1e6, algorithm is not millionscale)
2025-12-02 19:17:13,949 [ERROR   ] Error running dynamicprogramming:
2025-12-02 19:17:13,949 [ERROR   ] 	terminate called after throwing an instance of 'std::bad_alloc'
2025-12-02 19:17:13,949 [ERROR   ] 	what():  std::bad_alloc
2025-12-02 19:17:13,949 [WARNING ]   -> 7/20 FAILED (test_id=RSmall_5)
2025-12-02 19:17:13,949 [CRITICAL] *** Algorithm Dynamic Programming hit 3 consecutive test failures (failed tests: [7, 8, 9]) - stopping ***
2025-12-02 19:17:13,950 [INFO    ] Cancelled 8 pending tasks
2025-12-02 19:17:14,293 [INFO    ] Skipping remaining 9 test cases.
2025-12-02 19:17:14,394 [INFO    ] ============================================================
2025-12-02 19:17:14,395 [INFO    ] Running Algorithm: Pisinger's Combo
2025-12-02 19:17:14,395 [INFO    ] ============================================================
2025-12-02 19:17:14,395 [INFO    ] 1/20: test_id=RTiny_2, n=33, capacity=100000
2025-12-02 19:17:14,402 [INFO    ] 2/20: test_id=RTiny_1, n=95, capacity=100000
2025-12-02 19:17:14,412 [INFO    ] 3/20: test_id=RSmall_4, n=116, capacity=1000000
2025-12-02 19:17:14,422 [INFO    ] 4/20: test_id=RSmall_6, n=210, capacity=1000000
2025-12-02 19:17:14,431 [INFO    ] 5/20: test_id=RSmall_7, n=220, capacity=1000000
2025-12-02 19:17:14,440 [INFO    ] 6/20: test_id=RSmall_2, n=885, capacity=1000000
2025-12-02 19:17:14,449 [INFO    ] 7/20: test_id=RSmall_5, n=913, capacity=1000000
2025-12-02 19:17:14,459 [INFO    ] 8/20: test_id=RSmall_1, n=1049, capacity=1000000
2025-12-02 19:17:14,470 [INFO    ] 9/20: test_id=RSmall_3, n=5887, capacity=1000000
2025-12-02 19:17:14,481 [INFO    ] 10/20: test_id=RMedium_2, n=15801, capacity=10000000
2025-12-02 19:17:14,493 [INFO    ]   -> 1/20 Value: 87969, Time: 16192us
2025-12-02 19:17:14,493 [INFO    ]   -> 2/20 Value: 88591, Time: 32674us
2025-12-02 19:17:14,493 [INFO    ]   -> 3/20 Value: 876904, Time: 33402us
2025-12-02 19:17:14,493 [INFO    ]   -> 4/20 Value: 877321, Time: 54506us
2025-12-02 19:17:14,493 [INFO    ]   -> 5/20 Value: 877662, Time: 36184us
2025-12-02 19:17:14,494 [INFO    ] 11/20: test_id=RMedium_5, n=126093, capacity=10000000
2025-12-02 19:17:14,504 [INFO    ] 12/20: test_id=RMedium_1, n=156347, capacity=10000000
2025-12-02 19:17:14,515 [INFO    ] 13/20: test_id=RMedium_3, n=167383, capacity=10000000
2025-12-02 19:17:14,527 [INFO    ] 14/20: test_id=RMedium_6, n=289260, capacity=10000000
2025-12-02 19:17:14,539 [INFO    ] 15/20: test_id=RMedium_7, n=525698, capacity=10000000
2025-12-02 19:17:14,553 [INFO    ]   -> 6/20 Value: 880810, Time: 98059us
2025-12-02 19:17:14,554 [INFO    ] 16/20: test_id=RMedium_4, n=784527, capacity=10000000
2025-12-02 19:17:14,583 [INFO    ]   -> 7/20 Value: 881102, Time: 123070us
2025-12-02 19:17:14,584 [INFO    ] 17/20: SKIPPING test_id=RLarge_3, n=1952984 (n > 1e6, algorithm is not millionscale)
2025-12-02 19:17:14,585 [INFO    ] 18/20: SKIPPING test_id=RLarge_1, n=2892515 (n > 1e6, algorithm is not millionscale)
2025-12-02 19:17:14,585 [INFO    ] 19/20: SKIPPING test_id=RLarge_4, n=5871673 (n > 1e6, algorithm is not millionscale)
2025-12-02 19:17:14,585 [INFO    ] 20/20: SKIPPING test_id=RLarge_2, n=6644014 (n > 1e6, algorithm is not millionscale)
2025-12-02 19:17:14,620 [INFO    ]   -> 8/20 Value: 881759, Time: 148008us
2025-12-02 19:17:21,130 [ERROR   ] Error running combo:
2025-12-02 19:17:21,131 [ERROR   ] 	multiply, no space
2025-12-02 19:17:21,131 [ERROR   ] 	PROGRAM TERMINATED !!!
2025-12-02 19:17:21,131 [WARNING ]   -> 16/20 FAILED (test_id=RMedium_4)
2025-12-02 19:17:26,520 [WARNING ] Algorithm combo timed out (>12.0s)
2025-12-02 19:17:26,520 [WARNING ]   -> 9/20 FAILED (test_id=RSmall_3)
2025-12-02 19:17:59,526 [WARNING ] Algorithm combo timed out (>45.0s)
2025-12-02 19:17:59,527 [WARNING ]   -> 10/20 FAILED (test_id=RMedium_2)
2025-12-02 19:17:59,561 [WARNING ] Algorithm combo timed out (>45.0s)
2025-12-02 19:17:59,561 [WARNING ]   -> 12/20 FAILED (test_id=RMedium_1)
2025-12-02 19:17:59,561 [WARNING ] Algorithm combo timed out (>45.0s)
2025-12-02 19:17:59,561 [WARNING ]   -> 11/20 FAILED (test_id=RMedium_5)
2025-12-02 19:17:59,561 [CRITICAL] *** Algorithm Pisinger's Combo hit 3 consecutive test failures (failed tests: [9, 10, 11, 12, 16]) - stopping ***
2025-12-02 19:17:59,561 [INFO    ] Cancelled 3 pending tasks
2025-12-02 19:17:59,563 [INFO    ] Skipping remaining 4 test cases.
2025-12-02 19:17:59,663 [INFO    ] ============================================================
2025-12-02 19:17:59,663 [INFO    ] Running Algorithm: Random Permutation
2025-12-02 19:17:59,663 [INFO    ] ============================================================
2025-12-02 19:17:59,664 [INFO    ] 1/20: test_id=RTiny_2, n=33, capacity=100000
2025-12-02 19:17:59,673 [INFO    ] 2/20: test_id=RTiny_1, n=95, capacity=100000
2025-12-02 19:17:59,684 [INFO    ] 3/20: test_id=RSmall_4, n=116, capacity=1000000
2025-12-02 19:17:59,695 [INFO    ] 4/20: test_id=RSmall_6, n=210, capacity=1000000
2025-12-02 19:17:59,708 [INFO    ] 5/20: test_id=RSmall_7, n=220, capacity=1000000
2025-12-02 19:17:59,720 [INFO    ] 6/20: test_id=RSmall_2, n=885, capacity=1000000
2025-12-02 19:17:59,730 [INFO    ] 7/20: test_id=RSmall_5, n=913, capacity=1000000
2025-12-02 19:17:59,743 [INFO    ] 8/20: test_id=RSmall_1, n=1049, capacity=1000000
2025-12-02 19:17:59,759 [INFO    ] 9/20: test_id=RSmall_3, n=5887, capacity=1000000
2025-12-02 19:17:59,773 [INFO    ] 10/20: test_id=RMedium_2, n=15801, capacity=10000000
2025-12-02 19:17:59,787 [INFO    ]   -> 1/20 Value: 87969, Time: 20491us
2025-12-02 19:17:59,788 [INFO    ]   -> 2/20 Value: 88591, Time: 55471us
2025-12-02 19:17:59,789 [INFO    ] 11/20: test_id=RMedium_5, n=126093, capacity=10000000
2025-12-02 19:17:59,805 [INFO    ] 12/20: test_id=RMedium_1, n=156347, capacity=10000000
2025-12-02 19:18:00,626 [INFO    ]   -> 3/20 Value: 876904, Time: 799622us
2025-12-02 19:18:00,627 [INFO    ] 13/20: test_id=RMedium_3, n=167383, capacity=10000000
2025-12-02 19:18:01,552 [INFO    ]   -> 4/20 Value: 877321, Time: 1606035us
2025-12-02 19:18:01,554 [INFO    ] 14/20: test_id=RMedium_6, n=289260, capacity=10000000
2025-12-02 19:18:02,543 [INFO    ]   -> 5/20 Value: 877662, Time: 2529140us
2025-12-02 19:18:02,544 [INFO    ] 15/20: test_id=RMedium_7, n=525698, capacity=10000000
2025-12-02 19:18:03,661 [ERROR   ] Error running randompermutation:
2025-12-02 19:18:03,662 [ERROR   ] 	terminate called after throwing an instance of 'std::bad_alloc'
2025-12-02 19:18:03,662 [ERROR   ] 	what():  std::bad_alloc
2025-12-02 19:18:03,663 [WARNING ]   -> 6/20 FAILED (test_id=RSmall_2)
2025-12-02 19:18:03,664 [INFO    ] 16/20: test_id=RMedium_4, n=784527, capacity=10000000
2025-12-02 19:18:03,740 [ERROR   ] Error running randompermutation:
2025-12-02 19:18:03,741 [ERROR   ] 	terminate called after throwing an instance of 'std::bad_alloc'
2025-12-02 19:18:03,741 [ERROR   ] 	what():  std::bad_alloc
2025-12-02 19:18:03,741 [WARNING ]   -> 8/20 FAILED (test_id=RSmall_1)
2025-12-02 19:18:03,742 [INFO    ] 17/20: SKIPPING test_id=RLarge_3, n=1952984 (n > 1e6, algorithm is not millionscale)
2025-12-02 19:18:03,742 [INFO    ] 18/20: SKIPPING test_id=RLarge_1, n=2892515 (n > 1e6, algorithm is not millionscale)
2025-12-02 19:18:03,742 [INFO    ] 19/20: SKIPPING test_id=RLarge_4, n=5871673 (n > 1e6, algorithm is not millionscale)
2025-12-02 19:18:03,742 [INFO    ] 20/20: SKIPPING test_id=RLarge_2, n=6644014 (n > 1e6, algorithm is not millionscale)
2025-12-02 19:18:04,132 [ERROR   ] Error running randompermutation:
2025-12-02 19:18:04,132 [ERROR   ] 	terminate called after throwing an instance of 'std::bad_alloc'
2025-12-02 19:18:04,132 [ERROR   ] 	what():  std::bad_alloc
2025-12-02 19:18:04,132 [WARNING ]   -> 10/20 FAILED (test_id=RMedium_2)
2025-12-02 19:18:04,393 [ERROR   ] Error running randompermutation:
2025-12-02 19:18:04,394 [ERROR   ] 	terminate called after throwing an instance of 'std::bad_alloc'
2025-12-02 19:18:04,394 [ERROR   ] 	what():  std::bad_alloc
2025-12-02 19:18:04,394 [WARNING ]   -> 12/20 FAILED (test_id=RMedium_1)
2025-12-02 19:18:04,417 [ERROR   ] Error running randompermutation:
2025-12-02 19:18:04,418 [ERROR   ] 	terminate called after throwing an instance of 'std::bad_alloc'
2025-12-02 19:18:04,418 [ERROR   ] 	what():  std::bad_alloc
2025-12-02 19:18:04,418 [WARNING ]   -> 9/20 FAILED (test_id=RSmall_3)
2025-12-02 19:18:04,418 [CRITICAL] *** Algorithm Random Permutation hit 3 consecutive test failures (failed tests: [6, 8, 9, 10, 12]) - stopping ***
2025-12-02 19:18:04,418 [INFO    ] Cancelled 6 pending tasks
2025-12-02 19:18:04,763 [INFO    ] Skipping remaining 6 test cases.
2025-12-02 19:18:04,865 [INFO    ] ============================================================
2025-12-02 19:18:04,866 [INFO    ] Running Algorithm: Branch and Bound
2025-12-02 19:18:04,866 [INFO    ] ============================================================
2025-12-02 19:18:04,866 [INFO    ] 1/20: test_id=RTiny_2, n=33, capacity=100000
2025-12-02 19:18:04,872 [INFO    ] 2/20: test_id=RTiny_1, n=95, capacity=100000
2025-12-02 19:18:04,877 [INFO    ] 3/20: test_id=RSmall_4, n=116, capacity=1000000
2025-12-02 19:18:04,887 [INFO    ] 4/20: test_id=RSmall_6, n=210, capacity=1000000
2025-12-02 19:18:04,895 [INFO    ] 5/20: test_id=RSmall_7, n=220, capacity=1000000
2025-12-02 19:18:04,903 [INFO    ] 6/20: test_id=RSmall_2, n=885, capacity=1000000
2025-12-02 19:18:04,911 [INFO    ] 7/20: test_id=RSmall_5, n=913, capacity=1000000
2025-12-02 19:18:04,920 [INFO    ] 8/20: test_id=RSmall_1, n=1049, capacity=1000000
2025-12-02 19:18:04,929 [INFO    ] 9/20: test_id=RSmall_3, n=5887, capacity=1000000
2025-12-02 19:18:04,938 [INFO    ] 10/20: test_id=RMedium_2, n=15801, capacity=10000000
2025-12-02 19:18:04,949 [INFO    ]   -> 1/20 Value: 87969, Time: 226us
2025-12-02 19:18:04,950 [INFO    ] 11/20: test_id=RMedium_5, n=126093, capacity=10000000
2025-12-02 19:18:07,701 [INFO    ]   -> 2/20 Value: 88591, Time: 2822499us
2025-12-02 19:18:07,702 [INFO    ] 12/20: test_id=RMedium_1, n=156347, capacity=10000000
2025-12-02 19:18:16,960 [WARNING ] Algorithm branchandbound timed out (>12.0s)
2025-12-02 19:18:16,961 [WARNING ]   -> 5/20 FAILED (test_id=RSmall_7)
2025-12-02 19:18:16,961 [WARNING ] Algorithm branchandbound timed out (>12.0s)
2025-12-02 19:18:16,961 [WARNING ]   -> 3/20 FAILED (test_id=RSmall_4)
2025-12-02 19:18:16,961 [WARNING ] Algorithm branchandbound timed out (>12.0s)
2025-12-02 19:18:16,961 [WARNING ]   -> 4/20 FAILED (test_id=RSmall_6)
2025-12-02 19:18:16,961 [CRITICAL] *** Algorithm Branch and Bound hit 3 consecutive test failures (failed tests: [3, 4, 5]) - stopping ***
2025-12-02 19:18:16,961 [WARNING ] Algorithm branchandbound timed out (>12.0s)
2025-12-02 19:18:16,961 [WARNING ]   -> 6/20 FAILED (test_id=RSmall_2)
2025-12-02 19:18:16,962 [CRITICAL] *** Algorithm Branch and Bound hit 3 consecutive test failures (failed tests: [3, 4, 5, 6]) - stopping ***
2025-12-02 19:18:16,962 [WARNING ] Algorithm branchandbound timed out (>12.0s)
2025-12-02 19:18:16,962 [WARNING ]   -> 7/20 FAILED (test_id=RSmall_5)
2025-12-02 19:18:16,962 [CRITICAL] *** Algorithm Branch and Bound hit 3 consecutive test failures (failed tests: [3, 4, 5, 6, 7]) - stopping ***
2025-12-02 19:18:16,962 [WARNING ] Algorithm branchandbound timed out (>12.0s)
2025-12-02 19:18:16,962 [WARNING ]   -> 8/20 FAILED (test_id=RSmall_1)
2025-12-02 19:18:16,962 [CRITICAL] *** Algorithm Branch and Bound hit 3 consecutive test failures (failed tests: [3, 4, 5, 6, 7, 8]) - stopping ***
2025-12-02 19:18:16,962 [WARNING ] Algorithm branchandbound timed out (>12.0s)
2025-12-02 19:18:16,962 [WARNING ]   -> 9/20 FAILED (test_id=RSmall_3)
2025-12-02 19:18:16,962 [CRITICAL] *** Algorithm Branch and Bound hit 3 consecutive test failures (failed tests: [3, 4, 5, 6, 7, 8, 9]) - stopping ***
2025-12-02 19:18:16,962 [INFO    ] Cancelled 7 pending tasks
2025-12-02 19:18:16,964 [INFO    ] Skipping remaining 17 test cases.
2025-12-02 19:18:17,064 [INFO    ] ============================================================
2025-12-02 19:18:17,064 [INFO    ] Running Algorithm: Meet in the Middle
2025-12-02 19:18:17,064 [INFO    ] ============================================================
2025-12-02 19:18:17,065 [INFO    ] 1/20: test_id=RTiny_2, n=33, capacity=100000
2025-12-02 19:18:17,072 [INFO    ] 2/20: test_id=RTiny_1, n=95, capacity=100000
2025-12-02 19:18:17,079 [INFO    ] 3/20: test_id=RSmall_4, n=116, capacity=1000000
2025-12-02 19:18:17,087 [INFO    ] 4/20: test_id=RSmall_6, n=210, capacity=1000000
2025-12-02 19:18:17,095 [INFO    ] 5/20: test_id=RSmall_7, n=220, capacity=1000000
2025-12-02 19:18:17,103 [INFO    ] 6/20: test_id=RSmall_2, n=885, capacity=1000000
2025-12-02 19:18:17,110 [INFO    ] 7/20: test_id=RSmall_5, n=913, capacity=1000000
2025-12-02 19:18:17,119 [INFO    ] 8/20: test_id=RSmall_1, n=1049, capacity=1000000
2025-12-02 19:18:17,126 [INFO    ] 9/20: test_id=RSmall_3, n=5887, capacity=1000000
2025-12-02 19:18:17,134 [INFO    ] 10/20: test_id=RMedium_2, n=15801, capacity=10000000
2025-12-02 19:18:17,143 [INFO    ]   -> 1/20 Value: 87969, Time: 16467us
2025-12-02 19:18:17,143 [ERROR   ] Error running meetinthemiddle:
2025-12-02 19:18:17,143 [WARNING ]   -> 2/20 FAILED (test_id=RTiny_1)
2025-12-02 19:18:17,143 [ERROR   ] Error running meetinthemiddle:
2025-12-02 19:18:17,143 [WARNING ]   -> 3/20 FAILED (test_id=RSmall_4)
2025-12-02 19:18:17,143 [ERROR   ] Error running meetinthemiddle:
2025-12-02 19:18:17,143 [WARNING ]   -> 4/20 FAILED (test_id=RSmall_6)
2025-12-02 19:18:17,144 [CRITICAL] *** Algorithm Meet in the Middle hit 3 consecutive test failures (failed tests: [2, 3, 4]) - stopping ***
2025-12-02 19:18:17,144 [ERROR   ] Error running meetinthemiddle:
2025-12-02 19:18:17,144 [WARNING ]   -> 5/20 FAILED (test_id=RSmall_7)
2025-12-02 19:18:17,144 [CRITICAL] *** Algorithm Meet in the Middle hit 3 consecutive test failures (failed tests: [2, 3, 4, 5]) - stopping ***
2025-12-02 19:18:17,144 [ERROR   ] Error running meetinthemiddle:
2025-12-02 19:18:17,144 [WARNING ]   -> 6/20 FAILED (test_id=RSmall_2)
2025-12-02 19:18:17,144 [CRITICAL] *** Algorithm Meet in the Middle hit 3 consecutive test failures (failed tests: [2, 3, 4, 5, 6]) - stopping ***
2025-12-02 19:18:17,144 [ERROR   ] Error running meetinthemiddle:
2025-12-02 19:18:17,144 [WARNING ]   -> 7/20 FAILED (test_id=RSmall_5)
2025-12-02 19:18:17,144 [CRITICAL] *** Algorithm Meet in the Middle hit 3 consecutive test failures (failed tests: [2, 3, 4, 5, 6, 7]) - stopping ***
2025-12-02 19:18:17,144 [ERROR   ] Error running meetinthemiddle:
2025-12-02 19:18:17,144 [WARNING ]   -> 8/20 FAILED (test_id=RSmall_1)
2025-12-02 19:18:17,144 [CRITICAL] *** Algorithm Meet in the Middle hit 3 consecutive test failures (failed tests: [2, 3, 4, 5, 6, 7, 8]) - stopping ***
2025-12-02 19:18:17,144 [ERROR   ] Error running meetinthemiddle:
2025-12-02 19:18:17,144 [WARNING ]   -> 9/20 FAILED (test_id=RSmall_3)
2025-12-02 19:18:17,144 [CRITICAL] *** Algorithm Meet in the Middle hit 3 consecutive test failures (failed tests: [2, 3, 4, 5, 6, 7, 8, 9]) - stopping ***
2025-12-02 19:18:17,144 [INFO    ] Cancelled 1 pending tasks
2025-12-02 19:18:17,145 [INFO    ] Skipping remaining 19 test cases.
2025-12-02 19:18:17,246 [INFO    ] ============================================================
2025-12-02 19:18:17,246 [INFO    ] Running Algorithm: Greedy
2025-12-02 19:18:17,246 [INFO    ] ============================================================
2025-12-02 19:18:17,247 [INFO    ] 1/20: test_id=RTiny_2, n=33, capacity=100000
2025-12-02 19:18:17,252 [INFO    ] 2/20: test_id=RTiny_1, n=95, capacity=100000
2025-12-02 19:18:17,261 [INFO    ] 3/20: test_id=RSmall_4, n=116, capacity=1000000
2025-12-02 19:18:17,269 [INFO    ] 4/20: test_id=RSmall_6, n=210, capacity=1000000
2025-12-02 19:18:17,276 [INFO    ] 5/20: test_id=RSmall_7, n=220, capacity=1000000
2025-12-02 19:18:17,284 [INFO    ] 6/20: test_id=RSmall_2, n=885, capacity=1000000
2025-12-02 19:18:17,291 [INFO    ] 7/20: test_id=RSmall_5, n=913, capacity=1000000
2025-12-02 19:18:17,299 [INFO    ] 8/20: test_id=RSmall_1, n=1049, capacity=1000000
2025-12-02 19:18:17,306 [INFO    ] 9/20: test_id=RSmall_3, n=5887, capacity=1000000
2025-12-02 19:18:17,314 [INFO    ] 10/20: test_id=RMedium_2, n=15801, capacity=10000000
2025-12-02 19:18:17,324 [INFO    ]   -> 1/20 Value: 87946, Time: 1us
2025-12-02 19:18:17,324 [INFO    ]   -> 2/20 Value: 88468, Time: 5us
2025-12-02 19:18:17,324 [INFO    ]   -> 3/20 Value: 876842, Time: 5us
2025-12-02 19:18:17,324 [INFO    ]   -> 4/20 Value: 877264, Time: 7us
2025-12-02 19:18:17,325 [INFO    ]   -> 5/20 Value: 877617, Time: 8us
2025-12-02 19:18:17,325 [INFO    ]   -> 6/20 Value: 880787, Time: 44us
2025-12-02 19:18:17,325 [INFO    ]   -> 7/20 Value: 881075, Time: 46us
2025-12-02 19:18:17,325 [INFO    ]   -> 8/20 Value: 881722, Time: 52us
2025-12-02 19:18:17,325 [INFO    ]   -> 9/20 Value: 905755, Time: 361us
2025-12-02 19:18:17,326 [INFO    ] 11/20: test_id=RMedium_5, n=126093, capacity=10000000
2025-12-02 19:18:17,336 [INFO    ] 12/20: test_id=RMedium_1, n=156347, capacity=10000000
2025-12-02 19:18:17,347 [INFO    ] 13/20: test_id=RMedium_3, n=167383, capacity=10000000
2025-12-02 19:18:17,359 [INFO    ] 14/20: test_id=RMedium_6, n=289260, capacity=10000000
2025-12-02 19:18:17,370 [INFO    ] 15/20: test_id=RMedium_7, n=525698, capacity=10000000
2025-12-02 19:18:17,379 [INFO    ] 16/20: test_id=RMedium_4, n=784527, capacity=10000000
2025-12-02 19:18:17,388 [INFO    ] 17/20: test_id=RLarge_3, n=1952984, capacity=100000000
2025-12-02 19:18:17,399 [INFO    ] 18/20: test_id=RLarge_1, n=2892515, capacity=100000000
2025-12-02 19:18:17,408 [INFO    ] 19/20: test_id=RLarge_4, n=5871673, capacity=100000000
2025-12-02 19:18:17,421 [INFO    ]   -> 10/20 Value: 8835382, Time: 1095us
2025-12-02 19:18:17,422 [INFO    ] 20/20: test_id=RLarge_2, n=6644014, capacity=100000000
2025-12-02 19:18:17,434 [INFO    ]   -> 11/20 Value: 9393821, Time: 11027us
2025-12-02 19:18:17,437 [INFO    ]   -> 13/20 Value: 9598265, Time: 13986us
2025-12-02 19:18:17,439 [INFO    ]   -> 12/20 Value: 9548814, Time: 12931us
2025-12-02 19:18:17,445 [INFO    ]   -> 14/20 Value: 10200163, Time: 23881us
2025-12-02 19:18:17,474 [INFO    ]   -> 15/20 Value: 10837737, Time: 47679us
2025-12-02 19:18:17,532 [INFO    ]   -> 16/20 Value: 11049253, Time: 72624us
2025-12-02 19:18:17,754 [INFO    ]   -> 17/20 Value: 97433486, Time: 160867us
2025-12-02 19:18:17,918 [INFO    ]   -> 18/20 Value: 101900395, Time: 234323us
2025-12-02 19:18:18,361 [INFO    ]   -> 19/20 Value: 109644969, Time: 441281us
2025-12-02 19:18:18,474 [INFO    ]   -> 20/20 Value: 111017044, Time: 501090us
2025-12-02 19:18:18,575 [INFO    ] ============================================================
2025-12-02 19:18:18,576 [INFO    ] Running Algorithm: Nauss Efficient
2025-12-02 19:18:18,576 [INFO    ] ============================================================
2025-12-02 19:18:18,576 [INFO    ] 1/20: test_id=RTiny_2, n=33, capacity=100000
2025-12-02 19:18:18,585 [INFO    ] 2/20: test_id=RTiny_1, n=95, capacity=100000
2025-12-02 19:18:18,603 [INFO    ] 3/20: test_id=RSmall_4, n=116, capacity=1000000
2025-12-02 19:18:18,615 [INFO    ] 4/20: test_id=RSmall_6, n=210, capacity=1000000
2025-12-02 19:18:18,628 [INFO    ] 5/20: test_id=RSmall_7, n=220, capacity=1000000
2025-12-02 19:18:18,641 [INFO    ] 6/20: test_id=RSmall_2, n=885, capacity=1000000
2025-12-02 19:18:18,654 [INFO    ] 7/20: test_id=RSmall_5, n=913, capacity=1000000
2025-12-02 19:18:18,666 [INFO    ] 8/20: test_id=RSmall_1, n=1049, capacity=1000000
2025-12-02 19:18:18,678 [INFO    ] 9/20: test_id=RSmall_3, n=5887, capacity=1000000
2025-12-02 19:18:18,690 [INFO    ] 10/20: test_id=RMedium_2, n=15801, capacity=10000000
2025-12-02 19:18:18,713 [INFO    ]   -> 1/20 Value: 87969, Time: 339us
2025-12-02 19:18:18,714 [INFO    ] 11/20: test_id=RMedium_5, n=126093, capacity=10000000
2025-12-02 19:18:22,241 [INFO    ]   -> 2/20 Value: 88591, Time: 3636919us
2025-12-02 19:18:22,242 [INFO    ] 12/20: test_id=RMedium_1, n=156347, capacity=10000000
2025-12-02 19:18:30,725 [WARNING ] Algorithm efficient timed out (>12.0s)
2025-12-02 19:18:30,725 [WARNING ]   -> 3/20 FAILED (test_id=RSmall_4)
2025-12-02 19:18:30,725 [WARNING ] Algorithm efficient timed out (>12.0s)
2025-12-02 19:18:30,725 [WARNING ]   -> 4/20 FAILED (test_id=RSmall_6)
2025-12-02 19:18:30,725 [WARNING ] Algorithm efficient timed out (>12.0s)
2025-12-02 19:18:30,725 [WARNING ]   -> 8/20 FAILED (test_id=RSmall_1)
2025-12-02 19:18:30,725 [WARNING ] Algorithm efficient timed out (>12.0s)
2025-12-02 19:18:30,726 [WARNING ]   -> 9/20 FAILED (test_id=RSmall_3)
2025-12-02 19:18:30,726 [WARNING ] Algorithm efficient timed out (>12.0s)
2025-12-02 19:18:30,726 [WARNING ]   -> 5/20 FAILED (test_id=RSmall_7)
2025-12-02 19:18:30,726 [CRITICAL] *** Algorithm Nauss Efficient hit 3 consecutive test failures (failed tests: [3, 4, 5, 8, 9]) - stopping ***
2025-12-02 19:18:30,726 [WARNING ] Algorithm efficient timed out (>12.0s)
2025-12-02 19:18:30,726 [WARNING ]   -> 7/20 FAILED (test_id=RSmall_5)
2025-12-02 19:18:30,726 [CRITICAL] *** Algorithm Nauss Efficient hit 3 consecutive test failures (failed tests: [3, 4, 5, 7, 8, 9]) - stopping ***
2025-12-02 19:18:30,726 [WARNING ] Algorithm efficient timed out (>12.0s)
2025-12-02 19:18:30,726 [WARNING ]   -> 6/20 FAILED (test_id=RSmall_2)
2025-12-02 19:18:30,726 [CRITICAL] *** Algorithm Nauss Efficient hit 3 consecutive test failures (failed tests: [3, 4, 5, 6, 7, 8, 9]) - stopping ***
2025-12-02 19:18:30,726 [INFO    ] Cancelled 5 pending tasks
2025-12-02 19:18:30,729 [INFO    ] Skipping remaining 17 test cases.
2025-12-02 19:18:30,829 [INFO    ] ============================================================
2025-12-02 19:18:30,829 [INFO    ] Running Algorithm: Billion Scale
2025-12-02 19:18:30,829 [INFO    ] ============================================================
2025-12-02 19:18:30,830 [INFO    ] 1/20: test_id=RTiny_2, n=33, capacity=100000
2025-12-02 19:18:30,842 [INFO    ] 2/20: test_id=RTiny_1, n=95, capacity=100000
2025-12-02 19:18:30,854 [INFO    ] 3/20: test_id=RSmall_4, n=116, capacity=1000000
2025-12-02 19:18:30,866 [INFO    ] 4/20: test_id=RSmall_6, n=210, capacity=1000000
2025-12-02 19:18:30,878 [INFO    ] 5/20: test_id=RSmall_7, n=220, capacity=1000000
2025-12-02 19:18:30,890 [INFO    ] 6/20: test_id=RSmall_2, n=885, capacity=1000000
2025-12-02 19:18:30,902 [INFO    ] 7/20: test_id=RSmall_5, n=913, capacity=1000000
2025-12-02 19:18:30,914 [INFO    ] 8/20: test_id=RSmall_1, n=1049, capacity=1000000
2025-12-02 19:18:30,926 [INFO    ] 9/20: test_id=RSmall_3, n=5887, capacity=1000000
2025-12-02 19:18:30,938 [INFO    ] 10/20: test_id=RMedium_2, n=15801, capacity=10000000
2025-12-02 19:18:30,952 [INFO    ]   -> 1/20 Value: 87946, Time: 121us
2025-12-02 19:18:30,952 [INFO    ]   -> 2/20 Value: 88468, Time: 313us
2025-12-02 19:18:30,952 [INFO    ]   -> 3/20 Value: 876842, Time: 288us
2025-12-02 19:18:30,952 [INFO    ]   -> 4/20 Value: 877264, Time: 639us
2025-12-02 19:18:30,953 [INFO    ]   -> 5/20 Value: 877617, Time: 553us
2025-12-02 19:18:30,953 [INFO    ]   -> 6/20 Value: 880787, Time: 2233us
2025-12-02 19:18:30,953 [INFO    ]   -> 7/20 Value: 881075, Time: 2319us
2025-12-02 19:18:30,953 [INFO    ]   -> 8/20 Value: 881722, Time: 2729us
2025-12-02 19:18:30,953 [INFO    ] 11/20: test_id=RMedium_5, n=126093, capacity=10000000
2025-12-02 19:18:30,966 [INFO    ] 12/20: test_id=RMedium_1, n=156347, capacity=10000000
2025-12-02 19:18:30,978 [INFO    ] 13/20: test_id=RMedium_3, n=167383, capacity=10000000
2025-12-02 19:18:30,991 [INFO    ] 14/20: test_id=RMedium_6, n=289260, capacity=10000000
2025-12-02 19:18:31,005 [INFO    ] 15/20: test_id=RMedium_7, n=525698, capacity=10000000
2025-12-02 19:18:31,019 [INFO    ] 16/20: test_id=RMedium_4, n=784527, capacity=10000000
2025-12-02 19:18:31,034 [INFO    ] 17/20: test_id=RLarge_3, n=1952984, capacity=100000000
2025-12-02 19:18:31,048 [INFO    ] 18/20: test_id=RLarge_1, n=2892515, capacity=100000000
2025-12-02 19:18:31,069 [INFO    ]   -> 9/20 Value: 905755, Time: 15732us
2025-12-02 19:18:31,070 [INFO    ]   -> 10/20 Value: 8835382, Time: 47331us
2025-12-02 19:18:31,071 [INFO    ] 19/20: test_id=RLarge_4, n=5871673, capacity=100000000
2025-12-02 19:18:31,089 [INFO    ] 20/20: test_id=RLarge_2, n=6644014, capacity=100000000
2025-12-02 19:18:31,453 [INFO    ]   -> 11/20 Value: 9393821, Time: 473880us
2025-12-02 19:18:31,638 [INFO    ]   -> 12/20 Value: 9548814, Time: 643098us
2025-12-02 19:18:31,729 [INFO    ]   -> 13/20 Value: 9598265, Time: 716751us
2025-12-02 19:18:32,762 [INFO    ]   -> 14/20 Value: 10200163, Time: 1723113us
2025-12-02 19:18:35,488 [INFO    ]   -> 15/20 Value: 10837737, Time: 4417349us
2025-12-02 19:18:37,623 [INFO    ]   -> 16/20 Value: 11049253, Time: 6498660us
2025-12-02 19:18:44,880 [INFO    ]   -> 17/20 Value: 97433486, Time: 13615701us
2025-12-02 19:18:49,495 [INFO    ]   -> 18/20 Value: 101900395, Time: 18109672us
2025-12-02 19:19:01,003 [INFO    ]   -> 19/20 Value: 109644969, Time: 29066078us
2025-12-02 19:19:03,457 [INFO    ]   -> 20/20 Value: 111017044, Time: 31529746us
2025-12-02 19:19:03,557 [INFO    ] ============================================================
2025-12-02 19:19:03,557 [INFO    ] Running Algorithm: Base Genetic
2025-12-02 19:19:03,557 [INFO    ] ============================================================
2025-12-02 19:19:03,558 [INFO    ] 1/20: test_id=RTiny_2, n=33, capacity=100000
2025-12-02 19:19:03,573 [INFO    ] 2/20: test_id=RTiny_1, n=95, capacity=100000
2025-12-02 19:19:03,587 [INFO    ] 3/20: test_id=RSmall_4, n=116, capacity=1000000
2025-12-02 19:19:03,604 [INFO    ] 4/20: test_id=RSmall_6, n=210, capacity=1000000
2025-12-02 19:19:03,619 [INFO    ] 5/20: test_id=RSmall_7, n=220, capacity=1000000
2025-12-02 19:19:03,634 [INFO    ] 6/20: test_id=RSmall_2, n=885, capacity=1000000
2025-12-02 19:19:03,650 [INFO    ] 7/20: test_id=RSmall_5, n=913, capacity=1000000
2025-12-02 19:19:03,666 [INFO    ] 8/20: test_id=RSmall_1, n=1049, capacity=1000000
2025-12-02 19:19:03,681 [INFO    ] 9/20: test_id=RSmall_3, n=5887, capacity=1000000
2025-12-02 19:19:03,695 [INFO    ] 10/20: test_id=RMedium_2, n=15801, capacity=10000000
2025-12-02 19:19:03,717 [INFO    ]   -> 1/20 Value: 87917, Time: 381us
2025-12-02 19:19:03,718 [INFO    ]   -> 2/20 Value: 88090, Time: 860us
2025-12-02 19:19:03,718 [INFO    ]   -> 3/20 Value: 876024, Time: 1268us
2025-12-02 19:19:03,718 [INFO    ]   -> 4/20 Value: 875790, Time: 1927us
2025-12-02 19:19:03,718 [INFO    ]   -> 5/20 Value: 876029, Time: 2007us
2025-12-02 19:19:03,718 [INFO    ]   -> 6/20 Value: 875809, Time: 8083us
2025-12-02 19:19:03,718 [INFO    ]   -> 7/20 Value: 875747, Time: 7546us
2025-12-02 19:19:03,718 [INFO    ]   -> 8/20 Value: 875952, Time: 8426us
2025-12-02 19:19:03,719 [INFO    ] 11/20: test_id=RMedium_5, n=126093, capacity=10000000
2025-12-02 19:19:03,732 [INFO    ] 12/20: test_id=RMedium_1, n=156347, capacity=10000000
2025-12-02 19:19:03,749 [INFO    ] 13/20: test_id=RMedium_3, n=167383, capacity=10000000
2025-12-02 19:19:03,765 [INFO    ] 14/20: test_id=RMedium_6, n=289260, capacity=10000000
2025-12-02 19:19:03,781 [INFO    ] 15/20: test_id=RMedium_7, n=525698, capacity=10000000
2025-12-02 19:19:03,797 [INFO    ] 16/20: test_id=RMedium_4, n=784527, capacity=10000000
2025-12-02 19:19:03,815 [INFO    ] 17/20: test_id=RLarge_3, n=1952984, capacity=100000000
2025-12-02 19:19:03,832 [INFO    ] 18/20: test_id=RLarge_1, n=2892515, capacity=100000000
2025-12-02 19:19:03,856 [INFO    ]   -> 9/20 Value: 875939, Time: 46220us
2025-12-02 19:19:03,857 [INFO    ]   -> 10/20 Value: 8755426, Time: 132673us
2025-12-02 19:19:03,857 [INFO    ] 19/20: test_id=RLarge_4, n=5871673, capacity=100000000
2025-12-02 19:19:03,880 [INFO    ] 20/20: test_id=RLarge_2, n=6644014, capacity=100000000
2025-12-02 19:19:05,317 [INFO    ]   -> 11/20 Value: 8756352, Time: 1573953us
2025-12-02 19:19:05,931 [INFO    ]   -> 13/20 Value: 8756508, Time: 2153228us
2025-12-02 19:19:06,628 [INFO    ]   -> 12/20 Value: 8756488, Time: 2866887us
2025-12-02 19:19:08,040 [INFO    ]   -> 14/20 Value: 8757335, Time: 4236697us
2025-12-02 19:19:12,364 [INFO    ]   -> 15/20 Value: 8755356, Time: 8520572us
2025-12-02 19:19:16,252 [INFO    ]   -> 16/20 Value: 8756265, Time: 12360775us
2025-12-02 19:19:35,138 [INFO    ]   -> 17/20 Value: 87560271, Time: 31042758us
2025-12-02 19:19:48,805 [INFO    ]   -> 18/20 Value: 87560557, Time: 44565046us
2025-12-02 19:20:31,899 [INFO    ]   -> 19/20 Value: 87560173, Time: 87529027us
2025-12-02 19:20:42,931 [INFO    ]   -> 20/20 Value: 87560373, Time: 98235105us
2025-12-02 19:20:43,032 [INFO    ] ============================================================
2025-12-02 19:20:43,033 [INFO    ] Running Algorithm: Memetic
2025-12-02 19:20:43,033 [INFO    ] ============================================================
2025-12-02 19:20:43,033 [INFO    ] 1/20: test_id=RTiny_2, n=33, capacity=100000
2025-12-02 19:20:43,047 [INFO    ] 2/20: test_id=RTiny_1, n=95, capacity=100000
2025-12-02 19:20:43,062 [INFO    ] 3/20: test_id=RSmall_4, n=116, capacity=1000000
2025-12-02 19:20:43,077 [INFO    ] 4/20: test_id=RSmall_6, n=210, capacity=1000000
2025-12-02 19:20:43,092 [INFO    ] 5/20: test_id=RSmall_7, n=220, capacity=1000000
2025-12-02 19:20:43,106 [INFO    ] 6/20: test_id=RSmall_2, n=885, capacity=1000000
2025-12-02 19:20:43,121 [INFO    ] 7/20: test_id=RSmall_5, n=913, capacity=1000000
2025-12-02 19:20:43,135 [INFO    ] 8/20: test_id=RSmall_1, n=1049, capacity=1000000
2025-12-02 19:20:43,149 [INFO    ] 9/20: test_id=RSmall_3, n=5887, capacity=1000000
2025-12-02 19:20:43,164 [INFO    ] 10/20: test_id=RMedium_2, n=15801, capacity=10000000
2025-12-02 19:20:43,181 [INFO    ]   -> 1/20 Value: 87969, Time: 8483us
2025-12-02 19:20:43,181 [INFO    ]   -> 2/20 Value: 88591, Time: 6234us
2025-12-02 19:20:43,181 [INFO    ]   -> 3/20 Value: 876904, Time: 5402us
2025-12-02 19:20:43,182 [INFO    ]   -> 4/20 Value: 877312, Time: 5757us
2025-12-02 19:20:43,182 [INFO    ]   -> 5/20 Value: 877653, Time: 5833us
2025-12-02 19:20:43,182 [INFO    ]   -> 6/20 Value: 880806, Time: 6667us
2025-12-02 19:20:43,182 [INFO    ]   -> 7/20 Value: 881095, Time: 7022us
2025-12-02 19:20:43,182 [INFO    ]   -> 8/20 Value: 881753, Time: 7273us
2025-12-02 19:20:43,182 [INFO    ] 11/20: test_id=RMedium_5, n=126093, capacity=10000000
2025-12-02 19:20:43,197 [INFO    ] 12/20: test_id=RMedium_1, n=156347, capacity=10000000
2025-12-02 19:20:43,211 [INFO    ] 13/20: test_id=RMedium_3, n=167383, capacity=10000000
2025-12-02 19:20:43,227 [INFO    ] 14/20: test_id=RMedium_6, n=289260, capacity=10000000
2025-12-02 19:20:43,244 [INFO    ] 15/20: test_id=RMedium_7, n=525698, capacity=10000000
2025-12-02 19:20:43,260 [INFO    ] 16/20: test_id=RMedium_4, n=784527, capacity=10000000
2025-12-02 19:20:43,276 [INFO    ] 17/20: test_id=RLarge_3, n=1952984, capacity=100000000
2025-12-02 19:20:43,294 [INFO    ] 18/20: test_id=RLarge_1, n=2892515, capacity=100000000
2025-12-02 19:20:43,316 [INFO    ]   -> 9/20 Value: 905765, Time: 22426us
2025-12-02 19:20:43,317 [INFO    ]   -> 10/20 Value: 8835401, Time: 53238us
2025-12-02 19:20:43,317 [INFO    ] 19/20: test_id=RLarge_4, n=5871673, capacity=100000000
2025-12-02 19:20:43,340 [INFO    ] 20/20: test_id=RLarge_2, n=6644014, capacity=100000000
2025-12-02 19:20:43,846 [INFO    ]   -> 11/20 Value: 9393822, Time: 637559us
2025-12-02 19:20:44,233 [INFO    ]   -> 12/20 Value: 9548816, Time: 1007776us
2025-12-02 19:20:44,375 [INFO    ]   -> 13/20 Value: 9598268, Time: 1131150us
2025-12-02 19:20:45,439 [INFO    ]   -> 14/20 Value: 10200163, Time: 2169910us
2025-12-02 19:20:47,688 [INFO    ]   -> 15/20 Value: 10837737, Time: 4385235us
2025-12-02 19:20:51,118 [INFO    ]   -> 16/20 Value: 11309187, Time: 7777931us
2025-12-02 19:21:05,855 [INFO    ]   -> 17/20 Value: 97433486, Time: 22306329us
2025-12-02 19:21:15,974 [INFO    ]   -> 18/20 Value: 101900395, Time: 32230681us
2025-12-02 19:21:51,635 [INFO    ]   -> 19/20 Value: 109644969, Time: 67556491us
2025-12-02 19:21:58,446 [INFO    ]   -> 20/20 Value: 111017044, Time: 74247080us
2025-12-02 19:21:58,547 [INFO    ] ============================================================
2025-12-02 19:21:58,548 [INFO    ] Computing accuracy and optimality metrics...
2025-12-02 19:21:58,548 [INFO    ] ============================================================
2025-12-02 19:21:58,548 [INFO    ] Computing accuracy and optimality metrics...
2025-12-02 19:21:58,573 [INFO    ] Accuracy and optimality metrics computed.
2025-12-02 19:21:59,094 [INFO    ] Results for knapsack_random_l0123_20_RTiny_RSmall_RMedium_RLarge saved to /home/ishanb/Documents/IIIT-H/sem3/CS1.301 AAD/Project/knapsack/simulation/results/results_knapsack_random_l0123_20_RTiny_RSmall_RMedium_RLarge_20251202_192158.csv
2025-12-02 19:21:59,094 [INFO    ] Generating visualisations...
2025-12-02 19:22:02,263 [INFO    ] Summary Statistics:
2025-12-02 19:22:02,265 [INFO    ]           Algorithm   Avg Time  Min Time   Max Time Avg Accuracy (%) Avg Memory Optimality Rate (%)
2025-12-02 19:22:02,265 [INFO    ]         Brute Force   8.392 ms  8.392 ms   8.392 ms           100.00    560.0 B                 5.0
2025-12-02 19:22:02,265 [INFO    ]         Memoization 539.017 ms 13.371 ms    1.154 s           100.00  857.55 MB                25.0
2025-12-02 19:22:02,265 [INFO    ] Dynamic Programming 668.517 ms 14.665 ms    1.357 s           100.00  857.55 MB                25.0
2025-12-02 19:22:02,265 [INFO    ]    Pisinger's Combo  67.762 ms 16.192 ms 148.008 ms           100.00   34.34 MB                40.0
2025-12-02 19:22:02,265 [INFO    ]  Random Permutation    1.002 s 20.491 ms    2.529 s           100.00  867.31 MB                25.0
2025-12-02 19:22:02,265 [INFO    ]    Branch and Bound    1.411 s  226.0 us    2.822 s           100.00   75.59 MB                10.0
2025-12-02 19:22:02,265 [INFO    ]  Meet in the Middle  16.467 ms 16.467 ms  16.467 ms           100.00    1.51 MB                 5.0
2025-12-02 19:22:02,265 [INFO    ]              Greedy  76.066 ms    1.0 us 501.090 ms            99.88   44.98 MB                30.0
2025-12-02 19:22:02,265 [INFO    ]     Nauss Efficient    1.819 s  339.0 us    3.637 s           100.00    1.09 KB                10.0
2025-12-02 19:22:02,265 [INFO    ]       Billion Scale    5.343 s  121.0 us   31.530 s            99.88  173.07 MB                30.0
2025-12-02 19:22:02,265 [INFO    ]        Base Genetic   14.665 s  381.0 us   98.235 s            92.38   49.59 MB                 0.0
2025-12-02 19:22:02,265 [INFO    ]             Memetic   10.679 s  5.402 ms   74.247 s           100.00   21.78 MB                75.0
2025-12-02 19:22:02,543 [INFO    ] Visualisations saved to /home/ishanb/Documents/IIIT-H/sem3/CS1.301 AAD/Project/knapsack/simulation/visualisations/knapsack_random_l0123_20_RTiny_RSmall_RMedium_RLarge_20251202_192159
2025-12-02 19:22:02,544 [INFO    ] ============================================================
2025-12-02 19:22:02,544 [INFO    ] All simulations completed successfully!
2025-12-02 19:22:02,544 [INFO    ] ============================================================
